Arguments: 
  C:\Program Files\nodejs\node.exe C:\Users\bobobo\AppData\Roaming\npm\node_modules\yarn\bin\yarn.js

PATH: 
  C:\Program Files\Alacritty\;C:\WINDOWS\system32;C:\WINDOWS;C:\WINDOWS\System32\Wbem;C:\WINDOWS\System32\WindowsPowerShell\v1.0\;C:\WINDOWS\System32\OpenSSH\;D:\Program Files\Git\cmd;D:\Esko\Artios\Common\Program\;%NVM_HOME%;%NVM_SYMLINK%;C:\Program Files\nodejs\;C:\Program Files\Go\bin;C:\Users\bobobo\AppData\Local\Programs\Python\Python310\Scripts\;C:\Users\bobobo\AppData\Local\Programs\Python\Python310\;C:\Users\bobobo\AppData\Local\Microsoft\WindowsApps;d:\Programs\Microsoft VS Code\bin;C:\Users\bobobo\AppData\Roaming\nvm;C:\Program Files\nodejs;C:\Users\bobobo\AppData\Roaming\npm;C:\Users\bobobo\go\bin

Yarn version: 
  1.22.10

Node version: 
  14.19.0

Platform: 
  win32 x64

Trace: 
  Error: EEXIST: file already exists, mkdir 'D:\w\photo-wall\node_modules\css-loader\node_modules'

npm manifest: 
  {
    "author": "Litten <litten225@qq.com>",
    "name": "zing-gallery",
    "description": "NodeJS Photo Gallery using directory structure & exif info to output a gallery",
    "version": "1.0.0",
    "license": "MIT",
    "repository": {
      "url": ""
    },
    "main": "lib/gallery.js",
    "engines": {
      "node": ">=0.6.2"
    },
    "dependencies": {
      "css-loader": "^0.25.0",
      "ejs": "*",
      "exif": "*",
      "express": "*",
      "extract-text-webpack-plugin": "^1.0.1",
      "formidable": "^1.0.17",
      "gm": "^1.17.0",
      "image-size": "^0.5.0",
      "imagemagick": "^0.1.3",
      "imagemagick-stream": "^1.1.0",
      "imagemin": "^5.3.1",
      "imagemin-jpegtran": "^5.0.2",
      "imagemin-pngquant": "^5.0.1",
      "images": "^3.0.0",
      "in-viewport": "^3.5.0",
      "memory-cache": "*",
      "style-loader": "^0.13.1",
      "underscore": "*",
      "url-loader": "^0.5.7",
      "watch": "^1.0.1",
      "webp-bin": "^0.1.4",
      "webpack": "^1.13.2"
    },
    "scripts": {
      "start": "node app.js",
      "clean": "node clean.js",
      "dev": "webpack",
      "dist": "webpack -p",
      "test": "node test/test-gallery.js ; node test/test-album.js ; node test/test-photo.js"
    }
  }

yarn manifest: 
  No manifest

Lockfile: 
  No lockfile
